<?xml version="1.0" encoding="utf-8"?>
<test-run id="2" testcasecount="8" result="Passed" total="8" passed="8" failed="0" inconclusive="0" skipped="0" asserts="0" engine-version="3.5.0.0" clr-version="4.0.30319.42000" start-time="2026-04-15 00:28:25Z" end-time="2026-04-15 00:28:25Z" duration="0.0401835">
  <test-suite type="TestSuite" id="1000" name="uLipSync" fullname="uLipSync" runstate="Runnable" testcasecount="16" result="Passed" start-time="2026-04-15 00:28:25Z" end-time="2026-04-15 00:28:25Z" duration="0.040184" total="8" passed="8" failed="0" inconclusive="0" skipped="0" asserts="0">
    <properties>
      <property name="platform" value="EditMode" />
    </properties>
    <test-suite type="Assembly" id="1019" name="uLipSync.Tests.Editor.dll" fullname="D:/Personal/Repositries/uLipSyncCustom/Library/ScriptAssemblies/uLipSync.Tests.Editor.dll" runstate="Runnable" testcasecount="16" result="Passed" start-time="2026-04-15 00:28:25Z" end-time="2026-04-15 00:28:25Z" duration="0.034202" total="8" passed="8" failed="0" inconclusive="0" skipped="0" asserts="0">
      <properties>
        <property name="_PID" value="86188" />
        <property name="_APPDOMAIN" value="Unity Child Domain" />
        <property name="platform" value="EditMode" />
        <property name="EditorOnly" value="True" />
      </properties>
      <test-suite type="TestSuite" id="1020" name="uLipSync" fullname="uLipSync" runstate="Runnable" testcasecount="16" result="Passed" start-time="2026-04-15 00:28:25Z" end-time="2026-04-15 00:28:25Z" duration="0.033431" total="8" passed="8" failed="0" inconclusive="0" skipped="0" asserts="0">
        <properties />
        <test-suite type="TestSuite" id="1021" name="Tests" fullname="uLipSync.Tests" runstate="Runnable" testcasecount="16" result="Passed" start-time="2026-04-15 00:28:25Z" end-time="2026-04-15 00:28:25Z" duration="0.032842" total="8" passed="8" failed="0" inconclusive="0" skipped="0" asserts="0">
          <properties />
          <test-suite type="TestFixture" id="1010" name="PipelineIntegrationTest" fullname="uLipSync.Tests.PipelineIntegrationTest" classname="uLipSync.Tests.PipelineIntegrationTest" runstate="Runnable" testcasecount="8" result="Passed" start-time="2026-04-15 00:28:25Z" end-time="2026-04-15 00:28:25Z" duration="0.031735" total="8" passed="8" failed="0" inconclusive="0" skipped="0" asserts="0">
            <properties />
            <test-case id="1016" name="AsioCallback_DoesNotCallUnityApi" fullname="uLipSync.Tests.PipelineIntegrationTest.AsioCallback_DoesNotCallUnityApi" methodname="AsioCallback_DoesNotCallUnityApi" classname="uLipSync.Tests.PipelineIntegrationTest" runstate="Runnable" seed="775582192" result="Passed" start-time="2026-04-15 00:28:25Z" end-time="2026-04-15 00:28:25Z" duration="0.014631" asserts="0">
              <properties>
                <property name="retryIteration" value="0" />
                <property name="repeatIteration" value="0" />
              </properties>
            </test-case>
            <test-case id="1018" name="AsioCallback_SetsErrorFlagOnException" fullname="uLipSync.Tests.PipelineIntegrationTest.AsioCallback_SetsErrorFlagOnException" methodname="AsioCallback_SetsErrorFlagOnException" classname="uLipSync.Tests.PipelineIntegrationTest" runstate="Runnable" seed="1434510286" result="Passed" start-time="2026-04-15 00:28:25Z" end-time="2026-04-15 00:28:25Z" duration="0.000715" asserts="0">
              <properties>
                <property name="retryIteration" value="0" />
                <property name="repeatIteration" value="0" />
              </properties>
            </test-case>
            <test-case id="1017" name="AsioCallback_UsesLockForThreadSafety" fullname="uLipSync.Tests.PipelineIntegrationTest.AsioCallback_UsesLockForThreadSafety" methodname="AsioCallback_UsesLockForThreadSafety" classname="uLipSync.Tests.PipelineIntegrationTest" runstate="Runnable" seed="1238664780" result="Passed" start-time="2026-04-15 00:28:25Z" end-time="2026-04-15 00:28:25Z" duration="0.000464" asserts="0">
              <properties>
                <property name="retryIteration" value="0" />
                <property name="repeatIteration" value="0" />
              </properties>
            </test-case>
            <test-case id="1015" name="MockSource_DifferentSampleRates_EachCallUpdatesRate" fullname="uLipSync.Tests.PipelineIntegrationTest.MockSource_DifferentSampleRates_EachCallUpdatesRate" methodname="MockSource_DifferentSampleRates_EachCallUpdatesRate" classname="uLipSync.Tests.PipelineIntegrationTest" runstate="Runnable" seed="317627581" result="Passed" start-time="2026-04-15 00:28:25Z" end-time="2026-04-15 00:28:25Z" duration="0.002637" asserts="0">
              <properties>
                <property name="retryIteration" value="0" />
                <property name="repeatIteration" value="0" />
              </properties>
            </test-case>
            <test-case id="1013" name="MockSource_SequentialCalls_AccumulateInRingBuffer" fullname="uLipSync.Tests.PipelineIntegrationTest.MockSource_SequentialCalls_AccumulateInRingBuffer" methodname="MockSource_SequentialCalls_AccumulateInRingBuffer" classname="uLipSync.Tests.PipelineIntegrationTest" runstate="Runnable" seed="705485221" result="Passed" start-time="2026-04-15 00:28:25Z" end-time="2026-04-15 00:28:25Z" duration="0.000940" asserts="0">
              <properties>
                <property name="retryIteration" value="0" />
                <property name="repeatIteration" value="0" />
              </properties>
            </test-case>
            <test-case id="1011" name="MockSource_SuppliesDataToPipeline_SampleRatePropagated" fullname="uLipSync.Tests.PipelineIntegrationTest.MockSource_SuppliesDataToPipeline_SampleRatePropagated" methodname="MockSource_SuppliesDataToPipeline_SampleRatePropagated" classname="uLipSync.Tests.PipelineIntegrationTest" runstate="Runnable" seed="338093523" result="Passed" start-time="2026-04-15 00:28:25Z" end-time="2026-04-15 00:28:25Z" duration="0.000352" asserts="0">
              <properties>
                <property name="retryIteration" value="0" />
                <property name="repeatIteration" value="0" />
              </properties>
            </test-case>
            <test-case id="1012" name="MockSource_SuppliesMultiChannelData_FirstChannelExtracted" fullname="uLipSync.Tests.PipelineIntegrationTest.MockSource_SuppliesMultiChannelData_FirstChannelExtracted" methodname="MockSource_SuppliesMultiChannelData_FirstChannelExtracted" classname="uLipSync.Tests.PipelineIntegrationTest" runstate="Runnable" seed="1443688119" result="Passed" start-time="2026-04-15 00:28:25Z" end-time="2026-04-15 00:28:25Z" duration="0.000341" asserts="0">
              <properties>
                <property name="retryIteration" value="0" />
                <property name="repeatIteration" value="0" />
              </properties>
            </test-case>
            <test-case id="1014" name="MockSource_WhenNotRecording_DataNotSupplied" fullname="uLipSync.Tests.PipelineIntegrationTest.MockSource_WhenNotRecording_DataNotSupplied" methodname="MockSource_WhenNotRecording_DataNotSupplied" classname="uLipSync.Tests.PipelineIntegrationTest" runstate="Runnable" seed="978475752" result="Passed" start-time="2026-04-15 00:28:25Z" end-time="2026-04-15 00:28:25Z" duration="0.000338" asserts="0">
              <properties>
                <property name="retryIteration" value="0" />
                <property name="repeatIteration" value="0" />
              </properties>
              <output><![CDATA[Saving results to: TestResults/pipeline-integration-results.xml
]]></output>
            </test-case>
          </test-suite>
        </test-suite>
      </test-suite>
    </test-suite>
  </test-suite>
</test-run>